<?xml version="1.0" encoding="UTF-8"?>
<testng-results skipped="0" failed="0" ignored="0" total="10" passed="10">
  <reporter-output>
  </reporter-output>
  <suite name="book-flight-module" duration-ms="33074" started-at="2021-06-17T10:13:01 GMT" finished-at="2021-06-17T10:13:34 GMT">
    <groups>
    </groups>
    <test name="book-flight-1" duration-ms="17274" started-at="2021-06-17T10:13:01 GMT" finished-at="2021-06-17T10:13:18 GMT">
      <class name="com.newtours.tests.BookFlightTest">
        <test-method status="PASS" signature="setupDriver()[pri:0, instance:com.newtours.tests.BookFlightTest@68be2bc2]" name="setupDriver" is-config="true" duration-ms="4051" started-at="2021-06-17T10:13:01 GMT" finished-at="2021-06-17T10:13:05 GMT">
          <reporter-output>
          </reporter-output>
        </test-method> <!-- setupDriver -->
        <test-method status="PASS" signature="setupParameters(java.lang.String, java.lang.String)[pri:0, instance:com.newtours.tests.BookFlightTest@68be2bc2]" name="setupParameters" is-config="true" duration-ms="16" started-at="2021-06-17T10:13:05 GMT" depends-on-methods="tests.BaseTest.setupDriver" finished-at="2021-06-17T10:13:05 GMT">
          <params>
            <param index="0">
              <value>
                <![CDATA[2]]>
              </value>
            </param>
            <param index="1">
              <value>
                <![CDATA[$1169 USD]]>
              </value>
            </param>
          </params>
          <reporter-output>
          </reporter-output>
        </test-method> <!-- setupParameters -->
        <test-method status="PASS" signature="registrationPage()[pri:0, instance:com.newtours.tests.BookFlightTest@68be2bc2]" name="registrationPage" duration-ms="9217" started-at="2021-06-17T10:13:05 GMT" finished-at="2021-06-17T10:13:14 GMT">
          <reporter-output>
          </reporter-output>
        </test-method> <!-- registrationPage -->
        <test-method status="PASS" signature="registrationConfirmationPage()[pri:0, instance:com.newtours.tests.BookFlightTest@68be2bc2]" name="registrationConfirmationPage" duration-ms="522" started-at="2021-06-17T10:13:14 GMT" depends-on-methods="com.newtours.tests.BookFlightTest.registrationPage" finished-at="2021-06-17T10:13:15 GMT">
          <reporter-output>
          </reporter-output>
        </test-method> <!-- registrationConfirmationPage -->
        <test-method status="PASS" signature="flightDetailsPage()[pri:0, instance:com.newtours.tests.BookFlightTest@68be2bc2]" name="flightDetailsPage" duration-ms="1643" started-at="2021-06-17T10:13:15 GMT" depends-on-methods="com.newtours.tests.BookFlightTest.registrationConfirmationPage" finished-at="2021-06-17T10:13:16 GMT">
          <reporter-output>
          </reporter-output>
        </test-method> <!-- flightDetailsPage -->
        <test-method status="PASS" signature="findFlightPage()[pri:0, instance:com.newtours.tests.BookFlightTest@68be2bc2]" name="findFlightPage" duration-ms="628" started-at="2021-06-17T10:13:16 GMT" depends-on-methods="com.newtours.tests.BookFlightTest.flightDetailsPage" finished-at="2021-06-17T10:13:17 GMT">
          <reporter-output>
          </reporter-output>
        </test-method> <!-- findFlightPage -->
        <test-method status="PASS" signature="FlightconfirmationPage()[pri:0, instance:com.newtours.tests.BookFlightTest@68be2bc2]" name="FlightconfirmationPage" duration-ms="941" started-at="2021-06-17T10:13:17 GMT" depends-on-methods="com.newtours.tests.BookFlightTest.findFlightPage" finished-at="2021-06-17T10:13:18 GMT">
          <reporter-output>
          </reporter-output>
        </test-method> <!-- FlightconfirmationPage -->
        <test-method status="PASS" signature="tearDown()[pri:0, instance:com.newtours.tests.BookFlightTest@68be2bc2]" name="tearDown" is-config="true" duration-ms="183" started-at="2021-06-17T10:13:18 GMT" finished-at="2021-06-17T10:13:18 GMT">
          <reporter-output>
          </reporter-output>
        </test-method> <!-- tearDown -->
      </class> <!-- com.newtours.tests.BookFlightTest -->
    </test> <!-- book-flight-1 -->
    <test name="book-flight-2" duration-ms="33074" started-at="2021-06-17T10:13:01 GMT" finished-at="2021-06-17T10:13:34 GMT">
      <class name="com.newtours.tests.BookFlightTest">
        <test-method status="PASS" signature="setupDriver()[pri:0, instance:com.newtours.tests.BookFlightTest@5e5792a0]" name="setupDriver" is-config="true" duration-ms="19039" started-at="2021-06-17T10:13:01 GMT" finished-at="2021-06-17T10:13:20 GMT">
          <reporter-output>
          </reporter-output>
        </test-method> <!-- setupDriver -->
        <test-method status="PASS" signature="setupParameters(java.lang.String, java.lang.String)[pri:0, instance:com.newtours.tests.BookFlightTest@5e5792a0]" name="setupParameters" is-config="true" duration-ms="1" started-at="2021-06-17T10:13:20 GMT" depends-on-methods="tests.BaseTest.setupDriver" finished-at="2021-06-17T10:13:20 GMT">
          <params>
            <param index="0">
              <value>
                <![CDATA[3]]>
              </value>
            </param>
            <param index="1">
              <value>
                <![CDATA[$1753 USD]]>
              </value>
            </param>
          </params>
          <reporter-output>
          </reporter-output>
        </test-method> <!-- setupParameters -->
        <test-method status="PASS" signature="registrationPage()[pri:0, instance:com.newtours.tests.BookFlightTest@5e5792a0]" name="registrationPage" duration-ms="8905" started-at="2021-06-17T10:13:20 GMT" finished-at="2021-06-17T10:13:29 GMT">
          <reporter-output>
          </reporter-output>
        </test-method> <!-- registrationPage -->
        <test-method status="PASS" signature="registrationConfirmationPage()[pri:0, instance:com.newtours.tests.BookFlightTest@5e5792a0]" name="registrationConfirmationPage" duration-ms="491" started-at="2021-06-17T10:13:29 GMT" depends-on-methods="com.newtours.tests.BookFlightTest.registrationPage" finished-at="2021-06-17T10:13:29 GMT">
          <reporter-output>
          </reporter-output>
        </test-method> <!-- registrationConfirmationPage -->
        <test-method status="PASS" signature="flightDetailsPage()[pri:0, instance:com.newtours.tests.BookFlightTest@5e5792a0]" name="flightDetailsPage" duration-ms="2386" started-at="2021-06-17T10:13:29 GMT" depends-on-methods="com.newtours.tests.BookFlightTest.registrationConfirmationPage" finished-at="2021-06-17T10:13:32 GMT">
          <reporter-output>
          </reporter-output>
        </test-method> <!-- flightDetailsPage -->
        <test-method status="PASS" signature="findFlightPage()[pri:0, instance:com.newtours.tests.BookFlightTest@5e5792a0]" name="findFlightPage" duration-ms="1133" started-at="2021-06-17T10:13:32 GMT" depends-on-methods="com.newtours.tests.BookFlightTest.flightDetailsPage" finished-at="2021-06-17T10:13:33 GMT">
          <reporter-output>
          </reporter-output>
        </test-method> <!-- findFlightPage -->
        <test-method status="PASS" signature="FlightconfirmationPage()[pri:0, instance:com.newtours.tests.BookFlightTest@5e5792a0]" name="FlightconfirmationPage" duration-ms="1016" started-at="2021-06-17T10:13:33 GMT" depends-on-methods="com.newtours.tests.BookFlightTest.findFlightPage" finished-at="2021-06-17T10:13:34 GMT">
          <reporter-output>
          </reporter-output>
        </test-method> <!-- FlightconfirmationPage -->
        <test-method status="PASS" signature="tearDown()[pri:0, instance:com.newtours.tests.BookFlightTest@5e5792a0]" name="tearDown" is-config="true" duration-ms="72" started-at="2021-06-17T10:13:34 GMT" finished-at="2021-06-17T10:13:34 GMT">
          <reporter-output>
          </reporter-output>
        </test-method> <!-- tearDown -->
      </class> <!-- com.newtours.tests.BookFlightTest -->
    </test> <!-- book-flight-2 -->
  </suite> <!-- book-flight-module -->
</testng-results>
